Arguments: 
  /home/paniczklos/.nvm/versions/node/v16.15.1/bin/node /home/paniczklos/.yarn/bin/yarn.js init

PATH: 
  /home/paniczklos/.pyenv/plugins/pyenv-virtualenv/shims:/home/paniczklos/.pyenv/shims:/home/paniczklos/.pyenv/bin:/home/paniczklos/bin:/home/paniczklos/.yarn/bin:/home/paniczklos/.config/yarn/global/node_modules/.bin:/home/paniczklos/.nvm/versions/node/v16.15.1/bin:/home/paniczklos/.pyenv/bin:/home/linuxbrew/.linuxbrew/bin:/home/linuxbrew/.linuxbrew/sbin:/home/paniczklos/.local/share/solana/install/active_release/bin:/home/paniczklos/.local/bin:/home/paniczklos/bin:/usr/local/sbin:/usr/local/bin:/usr/sbin:/usr/bin:/sbin:/bin:/usr/games:/usr/local/games:/snap/bin:/snap/bin:/home/paniczklos/.foundry/bin:~/audit_helper

Yarn version: 
  1.22.19

Node version: 
  16.15.1

Platform: 
  linux x64

Trace: 
  Error: canceled
      at Interface.<anonymous> (/home/paniczklos/.yarn/lib/cli.js:137150:13)
      at Interface.emit (node:events:527:28)
      at Interface._ttyWrite (node:readline:1081:16)
      at ReadStream.onkeypress (node:readline:288:10)
      at ReadStream.emit (node:events:527:28)
      at emitKeys (node:internal/readline/utils:358:14)
      at emitKeys.next (<anonymous>)
      at ReadStream.onData (node:internal/readline/emitKeypressEvents:61:36)
      at ReadStream.emit (node:events:527:28)
      at addChunk (node:internal/streams/readable:315:12)

npm manifest: 
  No manifest

yarn manifest: 
  No manifest

Lockfile: 
  No lockfile
